<?xml version="1.0" encoding="UTF-8" ?>
<testsuite tests="2" failures="0" name="automation.runners.TestRunner" time="0.016" errors="0" skipped="2">
  <properties>
[...]
</properties>
  <testcase classname="My test feature" name="My Test Scenario" time="0.008">
    <skipped/>
    <system-out>Feature: My test feature
  Testing automation project creation

  @tag1
  Scenario Outline: My Test Scenario # features/TestFeature.feature:6
    Given the user opens the browser
    Then the browser must open

    Examples: 

  @tag1
  Scenario Outline: My Test Scenario # features/TestFeature.feature:11
    Given the user opens the browser # null
    Then the browser must open       # null
</system-out>
    <system-err>Aug 05, 2019 1:45:17 PM cucumber.runtime.java.ObjectFactoryLoader loadSingleObjectFactory
INFO: Loading ObjectFactory via service loader: io.cucumber.spring.SpringFactory
</system-err>
  </testcase>
  <testcase classname="My test feature" name="My Test Scenario" time="0.008">
    <skipped/>
  </testcase>
</testsuite>